{"C:\\Users\\Zakaria Shahen\\Desktop\\Code_now\\unit_tests_jast\\src\\app.js": {"path":"C:\\Users\\Zakaria Shahen\\Desktop\\Code_now\\unit_tests_jast\\src\\app.js","statementMap":{"0":{"start":{"line":1,"column":17},"end":{"line":1,"column":55}},"1":{"start":{"line":1,"column":27},"end":{"line":1,"column":55}},"2":{"start":{"line":3,"column":0},"end":{"line":3,"column":25}}},"fnMap":{"0":{"name":"(anonymous_0)","decl":{"start":{"line":1,"column":17},"end":{"line":1,"column":18}},"loc":{"start":{"line":1,"column":27},"end":{"line":1,"column":55}},"line":1}},"branchMap":{},"s":{"0":1,"1":3,"2":1},"f":{"0":3},"b":{},"_coverageSchema":"1a1c01bbd47fc00a2c39e90264f33305004495a9","hash":"516418c2a44a875dc265214e7e7d584d4d55a2c4"}
}
